<?xml version="1.0" encoding="UTF-8"?>
<testng-results ignored="0" total="0" passed="0" failed="0" skipped="0">
  <reporter-output>
  </reporter-output>
  <suite started-at="2024-02-15T11:48:27 BRT" name="Surefire suite" finished-at="2024-02-15T11:49:37 BRT" duration-ms="69142">
    <groups>
    </groups>
    <test started-at="2024-02-15T11:48:27 BRT" name="Surefire test" finished-at="2024-02-15T11:49:37 BRT" duration-ms="69142">
    </test> <!-- Surefire test -->
  </suite> <!-- Surefire suite -->
</testng-results>
